C:\TEMP\TEAMPLATE_CALCULATOR\POLAND\DEBUG\MAIN.OBJ
C:\TEMP\TEAMPLATE_CALCULATOR\POLAND\DEBUG\OPZ.OBJ
C:\TEMP\TEAMPLATE_CALCULATOR\POLAND\DEBUG\TDSTACK.OBJ
C:\TEMP\TEAMPLATE_CALCULATOR\POLAND\DEBUG\TSTACK.OBJ
C:\TEMP\TEAMPLATE_CALCULATOR\POLAND\DEBUG\TTSTACK.OBJ
C:\TEMP\TEAMPLATE_CALCULATOR\POLAND\DEBUG\VC110.PDB
C:\TEMP\TEAMPLATE_CALCULATOR\DEBUG\POLAND.ILK
C:\TEMP\TEAMPLATE_CALCULATOR\DEBUG\POLAND.EXE
C:\TEMP\TEAMPLATE_CALCULATOR\DEBUG\POLAND.PDB
C:\temp\Teamplate_calculator\Poland\Debug\main.obj
C:\temp\Teamplate_calculator\Poland\Debug\OPZ.obj
C:\temp\Teamplate_calculator\Poland\Debug\TDStack.obj
C:\temp\Teamplate_calculator\Poland\Debug\TStack.obj
C:\temp\Teamplate_calculator\Poland\Debug\TTStack.obj
C:\temp\Teamplate_calculator\Poland\Debug\cl.command.1.tlog
C:\temp\Teamplate_calculator\Poland\Debug\CL.read.1.tlog
C:\temp\Teamplate_calculator\Poland\Debug\CL.write.1.tlog
C:\temp\Teamplate_calculator\Poland\Debug\link-cvtres.read.1.tlog
C:\temp\Teamplate_calculator\Poland\Debug\link-cvtres.write.1.tlog
C:\temp\Teamplate_calculator\Poland\Debug\link-rc.read.1.tlog
C:\temp\Teamplate_calculator\Poland\Debug\link-rc.write.1.tlog
C:\temp\Teamplate_calculator\Poland\Debug\link.5920-cvtres.read.1.tlog
C:\temp\Teamplate_calculator\Poland\Debug\link.5920-cvtres.write.1.tlog
C:\temp\Teamplate_calculator\Poland\Debug\link.5920-rc.read.1.tlog
C:\temp\Teamplate_calculator\Poland\Debug\link.5920-rc.write.1.tlog
C:\temp\Teamplate_calculator\Poland\Debug\link.5920.read.1.tlog
C:\temp\Teamplate_calculator\Poland\Debug\link.5920.write.1.tlog
C:\temp\Teamplate_calculator\Poland\Debug\link.command.1.tlog
C:\temp\Teamplate_calculator\Poland\Debug\link.read.1.tlog
C:\temp\Teamplate_calculator\Poland\Debug\link.write.1.tlog
C:\temp\Teamplate_calculator\Poland\Debug\vc110.idb
C:\temp\Teamplate_calculator\Poland\Debug\vc110.pdb
C:\temp\Teamplate_calculator\Debug\Poland.pdb
C:\temp\Teamplate_calculator\Debug\Poland.exe
C:\temp\Teamplate_calculator\Debug\Poland.ilk
